C51 COMPILER V9.56.0.0   HOT                                                               09/30/2020 11:10:17 PAGE 1   


C51 COMPILER V9.56.0.0, COMPILATION OF MODULE HOT
OBJECT MODULE PLACED IN .\output\hot.obj
COMPILER INVOKED BY: F:\Keil\C51\BIN\C51.EXE source\hot.c OMF2 OPTIMIZE(8,SPEED) BROWSE DEBUG PRINT(.\lst\hot.lst) TABS(
                    -2) OBJECT(.\output\hot.obj)

line level    source

   1          
   2          /*********************************************************************************************************
             -************/
   3          #include "include/ca51f_config.h"   
   4          #include "include/ca51f3sfr.h"
   5          #include "include/ca51f3xsfr.h"
   6          #include "include/gpiodef_f3.h"
   7          #include "include/system_clock.h"
   8          
   9          #include "include/uart.h"
  10          #include "include/pwm.h"
  11          #include "include/delay.h"
  12          #include <intrins.h>
  13          #include "include/temperature.h"
  14          /*********************************************************************************************************
             -************
  15            本例程设置PWM0输出频率为1KHZ、占空比50%的PWM信号
  16          **********************************************************************************************************
             -***********/
  17          #define PWMDIV_V        (3686400/500)   //当PWM时钟为其他时钟频率时，需相应修改参数
  18          #define PWMDUT_V        PWMDIV_V/2      //占空比为50%
  19          
  20          char hot_status=0;
  21          
  22          void init_pwm()
  23          {
  24   1        
  25   1        CKCON |= IHCKE;         //打开IRCH时钟
  26   1        
  27   1        P15F = P15_PWM0_SETTING;                //设置P15为PWM引脚功能
  28   1      
  29   1        INDEX = PWM_CH0;                        //设置INDEX值对应PWM0
  30   1        PWMCON = TIE(0) | ZIE(0) | PIE(0) | NIE(0) | MS(0) | CKS_IH ;     //设置PWM时钟源为IRCH  
  31   1      //  PWMCON = TIE(0) | ZIE(0) | PIE(0) | NIE(0) | MS(0) | CKS_IL ;     //设置PWM时钟源为IRCL
  32   1      //  PWMCON = TIE(0) | ZIE(0) | PIE(0) | NIE(0) | MS(0) | CKS_XL ;     //设置PWM时钟源为XOSCL  
  33   1      //  PWMCON = TIE(0) | ZIE(0) | PIE(0) | NIE(0) | MS(0) | CKS_TF ;     //设置PWM时钟源为TFRC 
  34   1      //  PWMCON = TIE(0) | ZIE(0) | PIE(0) | NIE(0) | MS(0) | CKS_PLL ;    //设置PWM时钟源为PLL  
  35   1        PWMCFG = TOG(0) | 100;                                                
  36   1        
  37   1        //设置PWMDIV、PWMDUT
  38   1        PWMDIVH = (unsigned char)(PWMDIV_V>>8);     
  39   1        PWMDIVL = (unsigned char)(PWMDIV_V);      
  40   1      //  PWMDUTH = (unsigned char)(PWMDUT_V>>8);   
  41   1      //  PWMDUTL = (unsigned char)(PWMDUT_V);  
  42   1      
  43   1      //  PWMUPD = (1<<PWM_CH0);                  //PWMDIV、PWMDUT更新使能
  44   1      //  while(PWMUPD);                          //等待更新完成
  45   1      //  PWMEN = (1<<PWM_CH0);                   //PWM0使能
  46   1      //  
  47   1      
  48   1      }
  49          void set_hot_power(unsigned char n)
  50          {   
  51   1        static unsigned char p=1;
C51 COMPILER V9.56.0.0   HOT                                                               09/30/2020 11:10:17 PAGE 2   

  52   1        if(p!=n)
  53   1        {
  54   2          PWMDUTH = (unsigned char)(PWMDIV_V*n/100>>8);   
  55   2          PWMDUTL = (unsigned char)(PWMDIV_V*n/100);  
  56   2      
  57   2          PWMUPD = (1<<PWM_CH0);                  //PWMDIV、PWMDUT更新使能
  58   2          while(PWMUPD);                          //等待更新完成
  59   2          PWMEN = (1<<PWM_CH0);                   //PWM0使能
  60   2          p=n;
  61   2        }
  62   1        
  63   1      } 
  64          
  65          
  66          
  67          
  68          


MODULE INFORMATION:   STATIC OVERLAYABLE
   CODE SIZE        =    102    ----
   CONSTANT SIZE    =   ----    ----
   XDATA SIZE       =   ----    ----
   PDATA SIZE       =   ----    ----
   DATA SIZE        =      2       1
   IDATA SIZE       =   ----    ----
   BIT SIZE         =   ----    ----
   EDATA SIZE       =   ----    ----
   HDATA SIZE       =   ----    ----
   XDATA CONST SIZE =   ----    ----
   FAR CONST SIZE   =   ----    ----
END OF MODULE INFORMATION.


C51 COMPILATION COMPLETE.  0 WARNING(S),  0 ERROR(S)
