C51 COMPILER V9.56.0.0   SYSTEM_CLOCK                                                      07/13/2020 09:42:19 PAGE 1   


C51 COMPILER V9.56.0.0, COMPILATION OF MODULE SYSTEM_CLOCK
OBJECT MODULE PLACED IN .\output\system_clock.obj
COMPILER INVOKED BY: F:\Keil\C51\BIN\C51.EXE source\system_clock.c OMF2 OPTIMIZE(8,SPEED) BROWSE DEBUG PRINT(.\lst\syste
                    -m_clock.lst) TABS(2) OBJECT(.\output\system_clock.obj)

line level    source

   1          #ifndef _SYSTEM_CLOCK_C_
   2          #define _SYSTEM_CLOCK_C_
   3          /*********************************************************************************************************
             -************/
   4          #include "include/ca51f_config.h"   
   5          #include "include/ca51f3sfr.h"
   6          #include "include/ca51f3xsfr.h"
   7          #include "include/gpiodef_f3.h"
   8          #include "include/system_clock.h"
   9          #include <intrins.h>
  10          /*********************************************************************************************************
             -************/
  11          
  12          
  13          /***********************************************************************************
  14          函数名  ：    Sys_Clk_Set_IRCH                      
  15          功能描述：    设置系统时钟为IRCH
  16          输入参数：    无
  17          返回值  ：    无
  18          ***********************************************************************************/
  19          void Sys_Clk_Set_IRCH(void)
  20          {
  21   1        CKCON |= IHCKE;                     //IRCH时钟使能
  22   1        CKSEL = (CKSEL&0xF8) | CKSEL_IRCH;  //系统时钟切换到IRCH
  23   1      }
  24          /***********************************************************************************/
  25          
  26          
  27          
  28          /***********************************************************************************
  29          函数名  ：    Sys_Clk_Set_IRCL                      
  30          功能描述：    设置系统时钟为IRCL
  31          输入参数：    无
  32          返回值  ：    无
  33          ***********************************************************************************/
  34          void Sys_Clk_Set_IRCL(void)
  35          {
  36   1        CKCON |= ILCKE;                     //IRCL时钟使能
  37   1        CKSEL = (CKSEL&0xF8) | CKSEL_IRCL;  //系统时钟切换到IRCL  
  38   1      }
  39          /***********************************************************************************/
  40          
  41          
  42          
  43          /***********************************************************************************
  44          函数名  ：    Sys_Clk_Set_XOSCL                     
  45          功能描述：    设置系统时钟为XOSCL
  46          输入参数：    无
  47          返回值  ：    无
  48          ***********************************************************************************/
  49          void Sys_Clk_Set_XOSCL(void)
  50          {
  51   1        P32F = P32_XOSC_IN_SETTING;         //设置P32为晶振引脚
  52   1        P33F = P33_XOSC_OUT_SETTING;        //设置P33为晶振引脚
C51 COMPILER V9.56.0.0   SYSTEM_CLOCK                                                      07/13/2020 09:42:19 PAGE 2   

  53   1      
  54   1        CKCON |= XLCKE;                     //使能XOSCL时钟
  55   1        while(!(CKCON & XLSTA));            //等待XOSCL时钟稳定
  56   1        CKSEL = (CKSEL&0xF8) | CKSEL_XOSCL; //切换系统时钟到XOSCL 
  57   1      }
  58          /***********************************************************************************/
  59          
  60          
  61          
  62          /***********************************************************************************
  63          函数名  ：    Sys_Clk_Set_PLL                     
  64          功能描述：    设置系统时钟为PLL
  65          输入参数：    Multiple   倍频倍数
  66          返回值  ：    无
  67          ***********************************************************************************/
  68          void Sys_Clk_Set_PLL(unsigned char Multiple)  
  69          {
  70   1        if(Multiple < 2 || Multiple > 8) return;    //倍频倍数范围为 2~8，超出此范围返回
  71   1      
  72   1        PLLCON = PLLON(1) | MULFT(Multiple-2);      //设置倍频倍数并使能PLL
  73   1        while(!(PLLCON & PLSTA));                   //等待PLL时钟稳定
  74   1        CKSEL = (CKSEL&0xF8) | CKSEL_PLL;           //切换系统时钟到PLL
  75   1      }
  76          /***********************************************************************************/
  77          
  78          
  79          
  80          /***********************************************************************************
  81          函数名  ：    Sys_Clk_Set_TFRC                      
  82          功能描述：    设置系统时钟为TFRC
  83          输入参数：    无
  84          返回值  ：    无
  85          ***********************************************************************************/
  86          void Sys_Clk_Set_TFRC(void)
  87          {
  88   1        CKCON |= TFCKE;                         //使能TFRC时钟
  89   1        CKSEL = (CKSEL&0xF8) | CKSEL_TFRC;      //切换系统时钟到TFRC
  90   1      }
  91          /***********************************************************************************/
  92          
  93          
  94          /*********************************************************************************************************
             -************/
  95          #endif


MODULE INFORMATION:   STATIC OVERLAYABLE
   CODE SIZE        =     96    ----
   CONSTANT SIZE    =   ----    ----
   XDATA SIZE       =   ----    ----
   PDATA SIZE       =   ----    ----
   DATA SIZE        =   ----    ----
   IDATA SIZE       =   ----    ----
   BIT SIZE         =   ----    ----
   EDATA SIZE       =   ----    ----
   HDATA SIZE       =   ----    ----
   XDATA CONST SIZE =   ----    ----
   FAR CONST SIZE   =   ----    ----
END OF MODULE INFORMATION.


C51 COMPILATION COMPLETE.  0 WARNING(S),  0 ERROR(S)
