C51 COMPILER V9.56.0.0   UART                                                              09/29/2020 20:50:51 PAGE 1   


C51 COMPILER V9.56.0.0, COMPILATION OF MODULE UART
OBJECT MODULE PLACED IN .\output\uart.obj
COMPILER INVOKED BY: F:\Keil\C51\BIN\C51.EXE source\uart.c OMF2 OPTIMIZE(8,SPEED) BROWSE DEBUG PRINT(.\lst\uart.lst) TAB
                    -S(2) OBJECT(.\output\uart.obj)

line level    source

   1          #ifndef _UART_C_
   2          #define _UART_C_
   3          #include "include/ca51f_config.h"
   4          #include "include/ca51f3sfr.h"
   5          #include "include/ca51f3xsfr.h"
   6          #include "include/gpiodef_f3.h"
   7          
   8          #include "include/uart.h"
   9          #include <intrins.h>
  10          #include <string.h>
  11          #include <stdarg.h>
  12          #include <stdlib.h>
  13          #include <stdio.h>
  14          #include <absacc.h>
  15          /*********************************************************************************************************
             -************/
  16          /*********************************************************************************************************
             -************/
  17          #ifdef UART0_EN
  18          void Uart0_Initial(unsigned long int baudrate)
  19          {
  20   1        unsigned int value_temp;
  21   1      
  22   1        P31F = P31_UART0_RX_SETTING;
  23   1        P30F = P30_UART0_TX_SETTING;
  24   1        
  25   1        uart0_send.head=0;
  26   1        uart0_send.tail=0;
  27   1        uart0_rev.head=0;
  28   1        uart0_rev.tail=0;
  29   1        uart0_tx_flag=0;
  30   1      
  31   1      /*********************************************************************************************************
             -***************/
  32   1      //TIMER2作为UART0的波特率发生器
  33   1        value_temp = 0x10000 - FOSC/(baudrate*32);
  34   1        T2CON =   0x24;
  35   1        T2CH  =   (unsigned char)(value_temp>>8);
  36   1        T2CL  =   (unsigned char)(value_temp);
  37   1        TH2   =   (unsigned char)(value_temp>>8);
  38   1        TL2   =   (unsigned char)(value_temp);; 
  39   1        TR2   =   1;
  40   1      /*********************************************************************************************************
             -***************/  
  41   1      
  42   1      
  43   1      /*********************************************************************************************************
             -***************/
  44   1      //TIMER1作为UART0的波特率发生器
  45   1      
  46   1      //  TMOD = (TMOD&0xCF)|0x20;
  47   1      //  TH1 = 0xff;   //19200
  48   1      //  TL1 = 0xff;
  49   1      //  ET1=0;
C51 COMPILER V9.56.0.0   UART                                                              09/29/2020 20:50:51 PAGE 2   

  50   1      //  TR1=1;    
  51   1      //  PCON |= 0x80;   
  52   1      /*********************************************************************************************************
             -***************/
  53   1      
  54   1      
  55   1        S0CON = 0x50;  
  56   1        ES0 = 1;
  57   1      }
  58          void Uart0_PutChar(unsigned char bdat)
  59          {
  60   1        unsigned char free_space;
  61   1        unsigned char tail_tmp;
  62   1        while(1)
  63   1        {       
  64   2          tail_tmp = uart0_send.tail; 
  65   2          if(uart0_send.head < tail_tmp)
  66   2          {
  67   3            free_space = tail_tmp - uart0_send.head;
  68   3          }
  69   2          else
  70   2          {
  71   3            free_space = UART0_TX_BUF_SIZE + tail_tmp - uart0_send.head;
  72   3          }   
  73   2          if(free_space > 1)
  74   2          {
  75   3            ES0 = 0; 
  76   3            uart0_send.head++;
  77   3            uart0_send.head %= UART0_TX_BUF_SIZE;
  78   3            uart0_tx_buf[uart0_send.head] = bdat;     
  79   3            if(!uart0_tx_flag)
  80   3            {
  81   4              ES0 = 1;        
  82   4              uart0_send.tail++;
  83   4              uart0_send.tail %= UART0_TX_BUF_SIZE;   
  84   4              S0BUF=uart0_tx_buf[uart0_send.tail];        
  85   4              uart0_tx_flag = 1;    
  86   4            }
  87   3            else
  88   3            {
  89   4              ES0 = 1;  
  90   4            }     
  91   3            break;
  92   3          }
  93   2        }
  94   1      }
  95          void UART0_ISR (void) interrupt 4
  96          { 
  97   1        if(RI0)
  98   1        {
  99   2          RI0 = 0;
 100   2          uart0_rev.head++;
 101   2          uart0_rev.head %= UART0_RX_BUF_SIZE;
 102   2          uart0_rx_buf[uart0_rev.head]=S0BUF;
 103   2        }
 104   1        if(TI0)
 105   1        { 
 106   2          TI0 = 0;    
 107   2          if(uart0_send.head!=uart0_send.tail)
 108   2          {
 109   3            uart0_send.tail++;
 110   3            uart0_send.tail %= UART0_TX_BUF_SIZE;
C51 COMPILER V9.56.0.0   UART                                                              09/29/2020 20:50:51 PAGE 3   

 111   3            S0BUF=uart0_tx_buf[uart0_send.tail];        
 112   3          }
 113   2          else
 114   2          {
 115   3            uart0_tx_flag=0;
 116   3          } 
 117   2        }
 118   1      }
 119          #endif
 120          #ifdef UART1_EN
 121          void Uart1_Initial(unsigned long int baudrate)
 122          {
 123   1        unsigned int value_temp;
 124   1      
 125   1        uart1_send.head=0;
 126   1        uart1_send.tail=0;
 127   1        uart1_rev.head=0;
 128   1        uart1_rev.tail=0;
 129   1        uart1_tx_flag=0;
 130   1      
 131   1        value_temp = 0x400 - FOSC/(baudrate*32);
 132   1      
 133   1      
 134   1        P12F = P12_UART1_RX_SETTING;
 135   1        P11F = P11_UART1_TX_SETTING;
 136   1      
 137   1      
 138   1        S1RELH = (unsigned char)(value_temp>>8);
 139   1        S1RELL = (unsigned char)(value_temp);
 140   1        
 141   1        S1CON = 0xD0;
 142   1        ES1 = 1;  
 143   1      }
 144          void Uart1_PutChar(unsigned char bdat)
 145          {
 146   1        unsigned char free_space;
 147   1        unsigned char tail_tmp;
 148   1        while(1)
 149   1        {   
 150   2          tail_tmp = uart1_send.tail;
 151   2          if(uart1_send.head < tail_tmp)
 152   2          {
 153   3            free_space = tail_tmp - uart1_send.head;
 154   3          }
 155   2          else
 156   2          {
 157   3            free_space = UART1_TX_BUF_SIZE + tail_tmp - uart1_send.head;
 158   3          }   
 159   2          if(free_space > 1)
 160   2          {
 161   3            ES1 = 0; 
 162   3            uart1_send.head++;
 163   3            uart1_send.head %= UART1_TX_BUF_SIZE;
 164   3            uart1_tx_buf[uart1_send.head] = bdat;
 165   3            if(!uart1_tx_flag)
 166   3            {
 167   4              ES1 = 1;
 168   4              uart1_send.tail++;
 169   4              uart1_send.tail %= UART1_TX_BUF_SIZE;   
 170   4              S1BUF = uart1_tx_buf[uart1_send.tail];        
 171   4              uart1_tx_flag = 1;    
 172   4            }
C51 COMPILER V9.56.0.0   UART                                                              09/29/2020 20:50:51 PAGE 4   

 173   3            else
 174   3            {
 175   4              ES1 = 1;  
 176   4            }     
 177   3            break;
 178   3          }
 179   2        }
 180   1      }
 181          void UART1_ISR (void) interrupt 6 
 182          {
 183   1        if(S1CON & 0x01)
 184   1        {
 185   2          S1CON = (S1CON&0xFC)|0x01;       
 186   2          uart1_rev.head++;
 187   2          uart1_rev.head %= UART1_RX_BUF_SIZE;
 188   2          uart1_rx_buf[uart1_rev.head]=S1BUF;
 189   2        }
 190   1        if(S1CON & 0x02)
 191   1        {
 192   2          S1CON = (S1CON&0xFC)|0x02;      
 193   2          if(uart1_send.head!=uart1_send.tail)
 194   2          {
 195   3            uart1_send.tail++;
 196   3            uart1_send.tail %= UART1_TX_BUF_SIZE;
 197   3            S1BUF=uart1_tx_buf[uart1_send.tail];        
 198   3          }
 199   2          else
 200   2          {
 201   3            uart1_tx_flag=0;
 202   3          }   
 203   2        }
 204   1      }
 205          #endif
 206          
 207          #ifdef PRINT_EN
 208            #ifdef UART0_PRINT
                  #define Uart_PutChar  Uart0_PutChar
                #elif defined  UART1_PRINT
 211              #define Uart_PutChar  Uart1_PutChar
 212            #endif
 213          void UartPutStr(char *str)
 214          {
 215   1        while(*str)
 216   1        { 
 217   2          Uart_PutChar(*str++);
 218   2        }
 219   1      }
 220          void uart_printf(char *fmt,...) 
 221          {
 222   1          va_list ap;
 223   1          char xdata string[256];
 224   1          va_start(ap,fmt);
 225   1          vsprintf(string,fmt,ap);
 226   1          UartPutStr(string);
 227   1          va_end(ap);
 228   1      }
 229          #endif
 230          /*********************************************************************************************************
             -************/
 231          #endif


C51 COMPILER V9.56.0.0   UART                                                              09/29/2020 20:50:51 PAGE 5   

MODULE INFORMATION:   STATIC OVERLAYABLE
   CODE SIZE        =    722    ----
   CONSTANT SIZE    =   ----    ----
   XDATA SIZE       =    248     256
   PDATA SIZE       =   ----    ----
   DATA SIZE        =   ----      32
   IDATA SIZE       =   ----    ----
   BIT SIZE         =      2    ----
   EDATA SIZE       =   ----    ----
   HDATA SIZE       =   ----    ----
   XDATA CONST SIZE =   ----    ----
   FAR CONST SIZE   =   ----    ----
END OF MODULE INFORMATION.


C51 COMPILATION COMPLETE.  0 WARNING(S),  0 ERROR(S)
